#
# There is insufficient memory for the Java Runtime Environment to continue.
# Native memory allocation (malloc) failed to allocate 262160 bytes for Chunk::new
# Possible reasons:
#   The system is out of physical RAM or swap space
#   In 32 bit mode, the process size limit was hit
# Possible solutions:
#   Reduce memory load on the system
#   Increase physical memory or swap space
#   Check if swap backing store is full
#   Use 64 bit Java on a 64 bit OS
#   Decrease Java heap size (-Xmx/-Xms)
#   Decrease number of Java threads
#   Decrease Java thread stack sizes (-Xss)
#   Set larger code cache with -XX:ReservedCodeCacheSize=
# This output file may be truncated or incomplete.
#
#  Out of Memory Error (allocation.cpp:390), pid=30300, tid=0x0000000000008a70
#
# JRE version: Java(TM) SE Runtime Environment (8.0_172-b11) (build 1.8.0_172-b11)
# Java VM: Java HotSpot(TM) 64-Bit Server VM (25.172-b11 mixed mode windows-amd64 compressed oops)
# Failed to write core dump. Minidumps are not enabled by default on client versions of Windows
#

---------------  T H R E A D  ---------------

Current thread (0x000000001c03f000):  JavaThread "C2 CompilerThread0" daemon [_thread_in_native, id=35440, stack(0x000000001c7b0000,0x000000001c8b0000)]

Stack: [0x000000001c7b0000,0x000000001c8b0000]
[error occurred during error reporting (printing stack bounds), id 0xc0000005]

Native frames: (J=compiled Java code, j=interpreted, Vv=VM code, C=native code)


Current CompileTask:
C2:  19231 4115   !   4       org.springframework.util.ClassUtils::getMostSpecificMethod (76 bytes)


---------------  P R O C E S S  ---------------

Java Threads: ( => current thread )
  0x000000001c0c7800 JavaThread "Service Thread" daemon [_thread_blocked, id=36628, stack(0x000000001cbb0000,0x000000001ccb0000)]
  0x000000001c04b000 JavaThread "C1 CompilerThread3" daemon [_thread_blocked, id=4660, stack(0x000000001cab0000,0x000000001cbb0000)]
  0x000000001c046000 JavaThread "C2 CompilerThread2" daemon [_thread_blocked, id=24684, stack(0x000000001c9b0000,0x000000001cab0000)]
  0x000000001c045800 JavaThread "C2 CompilerThread1" daemon [_thread_blocked, id=28524, stack(0x000000001c8b0000,0x000000001c9b0000)]
=>0x000000001c03f000 JavaThread "C2 CompilerThread0" daemon [_thread_in_native, id=35440, stack(0x000000001c7b0000,0x000000001c8b0000)]
  0x000000001bfe8800 JavaThread "Attach Listener" daemon [_thread_blocked, id=23964, stack(0x000000001c6b0000,0x000000001c7b0000)]
  0x000000001a0ee800 JavaThread "Signal Dispatcher" daemon [_thread_blocked, id=18020, stack(0x000000001c5b0000,0x000000001c6b0000)]
  0x0000000005139800 JavaThread "Finalizer" daemon [_thread_blocked, id=36092, stack(0x000000001c3b0000,0x000000001c4b0000)]
  0x0000000005138000 JavaThread "Reference Handler" daemon [_thread_blocked, id=31928, stack(0x000000001beb0000,0x000000001bfb0000)]
  0x000000000503d800 JavaThread "main" [_thread_blocked, id=36920, stack(0x0000000004ea0000,0x0000000004fa0000)]

Other Threads:
  0x000000001a0d8800 VMThread [stack: 0x000000001bdb0000,0x000000001beb0000] [id=35892]
  0x000000001c0ef800 WatcherThread [stack: 0x000000001ccb0000,0x000000001cdb0000] [id=36248]

VM state:not at safepoint (normal execution)

VM Mutex/Monitor currently owned by a thread:  ([mutex/lock_event])
[0x000000000503c4d0] Heap_lock - owner thread: 0x000000000503d800

Heap:
 PSYoungGen      total 144896K, used 11746K [0x00000000d5d80000, 0x00000000e1880000, 0x0000000100000000)
  eden space 133120K, 0% used [0x00000000d5d80000,0x00000000d5d800b0,0x00000000ddf80000)
  from space 11776K, 99% used [0x00000000e0d00000,0x00000000e1878a78,0x00000000e1880000)
  to   space 5120K, 0% used [0x00000000ddf80000,0x00000000ddf80000,0x00000000de480000)
 ParOldGen       total 64512K, used 15020K [0x0000000081800000, 0x0000000085700000, 0x00000000d5d80000)
  object space 64512K, 23% used [0x0000000081800000,0x00000000826ab250,0x0000000085700000)
 Metaspace       used 32286K, capacity 32732K, committed 33024K, reserved 1079296K
  class space    used 3976K, capacity 4081K, committed 4096K, reserved 1048576K

Card table byte_map: [0x0000000014500000,0x0000000014900000] byte_map_base: 0x00000000140f4000

Marking Bits: (ParMarkBitMap*) 0x000000005e1a3c10
 Begin Bits: [0x00000000153b0000, 0x0000000017350000)
 End Bits:   [0x0000000017350000, 0x00000000192f0000)

Polling page: 0x00000000031e0000

CodeCache: size=245760Kb used=15308Kb max_used=15351Kb free=230451Kb
 bounds [0x0000000005140000, 0x0000000006050000, 0x0000000014140000]
 total_blobs=4262 nmethods=3837 adapters=336
 compilation: enabled

Compilation events (10 events):
Event: 18.044 Thread 0x000000001c04b000 4131       3       java.lang.Integer::toHexString (6 bytes)
Event: 18.044 Thread 0x000000001c046000 4132       4       org.springframework.asm.Type::getInternalName (23 bytes)
Event: 18.045 Thread 0x000000001c04b000 nmethod 4131 0x000000000601e110 code [0x000000000601e280, 0x000000000601e3e8]
Event: 18.047 Thread 0x000000001c04b000 4133       3       com.sun.beans.finder.BeanInfoFinder::instantiate (8 bytes)
Event: 18.048 Thread 0x000000001c04b000 nmethod 4133 0x000000000601b310 code [0x000000000601b480, 0x000000000601b688]
Event: 18.048 Thread 0x000000001c04b000 4134       3       com.sun.beans.finder.BeanInfoFinder::instantiate (223 bytes)
Event: 18.049 Thread 0x000000001c04b000 nmethod 4134 0x000000000602e150 code [0x000000000602e4a0, 0x00000000060302a8]
Event: 18.050 Thread 0x000000001c046000 nmethod 4132 0x000000000601aa90 code [0x000000000601ac00, 0x000000000601afe8]
Event: 18.051 Thread 0x000000001c045800 4135   !   4       java.lang.reflect.Executable::sharedToGenericString (329 bytes)
Event: 18.446 Thread 0x000000001c045800 nmethod 4135 0x000000000603d9d0 code [0x000000000603e040, 0x0000000006046008]

GC Heap History (10 events):
Event: 7.476 GC heap before
{Heap before GC invocations=3 (full 0):
 PSYoungGen      total 71680K, used 68741K [0x00000000d5d80000, 0x00000000da880000, 0x0000000100000000)
  eden space 66560K, 95% used [0x00000000d5d80000,0x00000000d9ba5028,0x00000000d9e80000)
  from space 5120K, 99% used [0x00000000da380000,0x00000000da87c6f0,0x00000000da880000)
  to   space 5120K, 0% used [0x00000000d9e80000,0x00000000d9e80000,0x00000000da380000)
 ParOldGen       total 87552K, used 769K [0x0000000081800000, 0x0000000086d80000, 0x00000000d5d80000)
  object space 87552K, 0% used [0x0000000081800000,0x00000000818c0410,0x0000000086d80000)
 Metaspace       used 20877K, capacity 21222K, committed 21296K, reserved 1069056K
  class space    used 2572K, capacity 2680K, committed 2688K, reserved 1048576K
Event: 7.510 GC heap after
Heap after GC invocations=3 (full 0):
 PSYoungGen      total 71680K, used 5112K [0x00000000d5d80000, 0x00000000de980000, 0x0000000100000000)
  eden space 66560K, 0% used [0x00000000d5d80000,0x00000000d5d80000,0x00000000d9e80000)
  from space 5120K, 99% used [0x00000000d9e80000,0x00000000da37e030,0x00000000da380000)
  to   space 5120K, 0% used [0x00000000de480000,0x00000000de480000,0x00000000de980000)
 ParOldGen       total 87552K, used 6474K [0x0000000081800000, 0x0000000086d80000, 0x00000000d5d80000)
  object space 87552K, 7% used [0x0000000081800000,0x0000000081e52b68,0x0000000086d80000)
 Metaspace       used 20877K, capacity 21222K, committed 21296K, reserved 1069056K
  class space    used 2572K, capacity 2680K, committed 2688K, reserved 1048576K
}
Event: 7.510 GC heap before
{Heap before GC invocations=4 (full 1):
 PSYoungGen      total 71680K, used 5112K [0x00000000d5d80000, 0x00000000de980000, 0x0000000100000000)
  eden space 66560K, 0% used [0x00000000d5d80000,0x00000000d5d80000,0x00000000d9e80000)
  from space 5120K, 99% used [0x00000000d9e80000,0x00000000da37e030,0x00000000da380000)
  to   space 5120K, 0% used [0x00000000de480000,0x00000000de480000,0x00000000de980000)
 ParOldGen       total 87552K, used 6474K [0x0000000081800000, 0x0000000086d80000, 0x00000000d5d80000)
  object space 87552K, 7% used [0x0000000081800000,0x0000000081e52b68,0x0000000086d80000)
 Metaspace       used 20877K, capacity 21222K, committed 21296K, reserved 1069056K
  class space    used 2572K, capacity 2680K, committed 2688K, reserved 1048576K
Event: 7.608 GC heap after
Heap after GC invocations=4 (full 1):
 PSYoungGen      total 71680K, used 0K [0x00000000d5d80000, 0x00000000de980000, 0x0000000100000000)
  eden space 66560K, 0% used [0x00000000d5d80000,0x00000000d5d80000,0x00000000d9e80000)
  from space 5120K, 0% used [0x00000000d9e80000,0x00000000d9e80000,0x00000000da380000)
  to   space 5120K, 0% used [0x00000000de480000,0x00000000de480000,0x00000000de980000)
 ParOldGen       total 64512K, used 10554K [0x0000000081800000, 0x0000000085700000, 0x00000000d5d80000)
  object space 64512K, 16% used [0x0000000081800000,0x000000008224e910,0x0000000085700000)
 Metaspace       used 20877K, capacity 21222K, committed 21296K, reserved 1069056K
  class space    used 2572K, capacity 2680K, committed 2688K, reserved 1048576K
}
Event: 9.639 GC heap before
{Heap before GC invocations=5 (full 1):
 PSYoungGen      total 71680K, used 66560K [0x00000000d5d80000, 0x00000000de980000, 0x0000000100000000)
  eden space 66560K, 100% used [0x00000000d5d80000,0x00000000d9e80000,0x00000000d9e80000)
  from space 5120K, 0% used [0x00000000d9e80000,0x00000000d9e80000,0x00000000da380000)
  to   space 5120K, 0% used [0x00000000de480000,0x00000000de480000,0x00000000de980000)
 ParOldGen       total 64512K, used 10554K [0x0000000081800000, 0x0000000085700000, 0x00000000d5d80000)
  object space 64512K, 16% used [0x0000000081800000,0x000000008224e910,0x0000000085700000)
 Metaspace       used 23885K, capacity 24276K, committed 24576K, reserved 1071104K
  class space    used 2949K, capacity 3045K, committed 3072K, reserved 1048576K
Event: 9.701 GC heap after
Heap after GC invocations=5 (full 1):
 PSYoungGen      total 112640K, used 5119K [0x00000000d5d80000, 0x00000000de980000, 0x0000000100000000)
  eden space 107520K, 0% used [0x00000000d5d80000,0x00000000d5d80000,0x00000000dc680000)
  from space 5120K, 99% used [0x00000000de480000,0x00000000de97ffa8,0x00000000de980000)
  to   space 5120K, 0% used [0x00000000ddf80000,0x00000000ddf80000,0x00000000de480000)
 ParOldGen       total 64512K, used 10725K [0x0000000081800000, 0x0000000085700000, 0x00000000d5d80000)
  object space 64512K, 16% used [0x0000000081800000,0x00000000822794a8,0x0000000085700000)
 Metaspace       used 23885K, capacity 24276K, committed 24576K, reserved 1071104K
  class space    used 2949K, capacity 3045K, committed 3072K, reserved 1048576K
}
Event: 12.654 GC heap before
{Heap before GC invocations=6 (full 1):
 PSYoungGen      total 112640K, used 112639K [0x00000000d5d80000, 0x00000000de980000, 0x0000000100000000)
  eden space 107520K, 100% used [0x00000000d5d80000,0x00000000dc680000,0x00000000dc680000)
  from space 5120K, 99% used [0x00000000de480000,0x00000000de97ffa8,0x00000000de980000)
  to   space 5120K, 0% used [0x00000000ddf80000,0x00000000ddf80000,0x00000000de480000)
 ParOldGen       total 64512K, used 10725K [0x0000000081800000, 0x0000000085700000, 0x00000000d5d80000)
  object space 64512K, 16% used [0x0000000081800000,0x00000000822794a8,0x0000000085700000)
 Metaspace       used 29438K, capacity 29856K, committed 30208K, reserved 1075200K
  class space    used 3637K, capacity 3751K, committed 3840K, reserved 1048576K
Event: 12.664 GC heap after
Heap after GC invocations=6 (full 1):
 PSYoungGen      total 138240K, used 5102K [0x00000000d5d80000, 0x00000000e1880000, 0x0000000100000000)
  eden space 133120K, 0% used [0x00000000d5d80000,0x00000000d5d80000,0x00000000ddf80000)
  from space 5120K, 99% used [0x00000000ddf80000,0x00000000de47b9e8,0x00000000de480000)
  to   space 11776K, 0% used [0x00000000e0d00000,0x00000000e0d00000,0x00000000e1880000)
 ParOldGen       total 64512K, used 14466K [0x0000000081800000, 0x0000000085700000, 0x00000000d5d80000)
  object space 64512K, 22% used [0x0000000081800000,0x0000000082620850,0x0000000085700000)
 Metaspace       used 29438K, capacity 29856K, committed 30208K, reserved 1075200K
  class space    used 3637K, capacity 3751K, committed 3840K, reserved 1048576K
}
Event: 18.448 GC heap before
{Heap before GC invocations=7 (full 1):
 PSYoungGen      total 138240K, used 138222K [0x00000000d5d80000, 0x00000000e1880000, 0x0000000100000000)
  eden space 133120K, 100% used [0x00000000d5d80000,0x00000000ddf80000,0x00000000ddf80000)
  from space 5120K, 99% used [0x00000000ddf80000,0x00000000de47b9e8,0x00000000de480000)
  to   space 11776K, 0% used [0x00000000e0d00000,0x00000000e0d00000,0x00000000e1880000)
 ParOldGen       total 64512K, used 14466K [0x0000000081800000, 0x0000000085700000, 0x00000000d5d80000)
  object space 64512K, 22% used [0x0000000081800000,0x0000000082620850,0x0000000085700000)
 Metaspace       used 32286K, capacity 32732K, committed 33024K, reserved 1079296K
  class space    used 3976K, capacity 4081K, committed 4096K, reserved 1048576K
Event: 19.211 GC heap after
Heap after GC invocations=7 (full 1):
 PSYoungGen      total 144896K, used 11746K [0x00000000d5d80000, 0x00000000e1880000, 0x0000000100000000)
  eden space 133120K, 0% used [0x00000000d5d80000,0x00000000d5d80000,0x00000000ddf80000)
  from space 11776K, 99% used [0x00000000e0d00000,0x00000000e1878a78,0x00000000e1880000)
  to   space 5120K, 0% used [0x00000000ddf80000,0x00000000ddf80000,0x00000000de480000)
 ParOldGen       total 64512K, used 15020K [0x0000000081800000, 0x0000000085700000, 0x00000000d5d80000)
  object space 64512K, 23% used [0x0000000081800000,0x00000000826ab250,0x0000000085700000)
 Metaspace       used 32286K, capacity 32732K, committed 33024K, reserved 1079296K
  class space    used 3976K, capacity 4081K, committed 4096K, reserved 1048576K
}

Deoptimization events (10 events):
Event: 14.787 Thread 0x000000000503d800 Uncommon trap: reason=unstable_if action=reinterpret pc=0x0000000005e17bf4 method=org.springframework.asm.Frame.merge(Lorg/springframework/asm/ClassWriter;I[II)Z @ 80
Event: 14.788 Thread 0x000000000503d800 Uncommon trap: reason=unstable_if action=reinterpret pc=0x0000000005b2b5a4 method=org.springframework.asm.Frame.merge(Lorg/springframework/asm/ClassWriter;I[II)Z @ 80
Event: 14.802 Thread 0x000000000503d800 Uncommon trap: reason=range_check action=make_not_entrant pc=0x0000000005e042f0 method=java.lang.String.charAt(I)C @ 27
Event: 15.099 Thread 0x000000000503d800 Uncommon trap: reason=unstable_if action=reinterpret pc=0x0000000005394f48 method=java.util.concurrent.ConcurrentHashMap.transfer([Ljava/util/concurrent/ConcurrentHashMap$Node;[Ljava/util/concurrent/ConcurrentHashMap$Node;)V @ 356
Event: 15.099 Thread 0x000000000503d800 Uncommon trap: reason=unstable_if action=reinterpret pc=0x00000000057b3d3c method=java.util.concurrent.ConcurrentHashMap.transfer([Ljava/util/concurrent/ConcurrentHashMap$Node;[Ljava/util/concurrent/ConcurrentHashMap$Node;)V @ 356
Event: 15.233 Thread 0x000000000503d800 Uncommon trap: reason=unstable_if action=reinterpret pc=0x0000000005b49714 method=org.springframework.core.ResolvableType.getInterfaces()[Lorg/springframework/core/ResolvableType; @ 27
Event: 15.281 Thread 0x000000000503d800 Uncommon trap: reason=unstable_if action=reinterpret pc=0x0000000005ed9074 method=sun.reflect.generics.reflectiveObjects.WildcardTypeImpl.getLowerBounds()[Ljava/lang/reflect/Type; @ 23
Event: 16.214 Thread 0x000000000503d800 Uncommon trap: reason=unstable_if action=reinterpret pc=0x0000000005e87b94 method=org.springframework.beans.factory.support.AbstractBeanFactory.isTypeMatch(Ljava/lang/String;Lorg/springframework/core/ResolvableType;)Z @ 478
Event: 17.487 Thread 0x000000000503d800 Uncommon trap: reason=unstable_if action=reinterpret pc=0x0000000005ff1a68 method=java.lang.reflect.Modifier.toString(I)Ljava/lang/String; @ 123
Event: 17.487 Thread 0x000000000503d800 Uncommon trap: reason=unstable_if action=reinterpret pc=0x0000000005ffb0e0 method=java.lang.reflect.Modifier.toString(I)Ljava/lang/String; @ 123

Classes redefined (0 events):
No events

Internal exceptions (10 events):
Event: 18.035 Thread 0x000000000503d800 Exception <a 'java/lang/ClassNotFoundException': org/springframework/context/annotation/ConfigurationClassEnhancer$EnhancedConfigurationCustomizer> (0x00000000ddda4650) thrown at [C:\re\workspace\8-2-build-windows-amd64-cygwin\jdk8u172\10810\hotspot\src\s
Event: 18.038 Thread 0x000000000503d800 Exception <a 'java/lang/ClassNotFoundException': org/springframework/boot/autoconfigure/transaction/TransactionAutoConfiguration$TransactionTemplateConfiguration$$EnhancerBySpringCGLIB$$18e6977aBeanInfo> (0x00000000dddf0fa0) thrown at [C:\re\workspace\8-2
Event: 18.039 Thread 0x000000000503d800 Exception <a 'java/lang/ClassNotFoundException': org/springframework/boot/autoconfigure/transaction/TransactionAutoConfiguration$TransactionTemplateConfigurationBeanInfo> (0x00000000dde13dc8) thrown at [C:\re\workspace\8-2-build-windows-amd64-cygwin\jdk8u
Event: 18.039 Thread 0x000000000503d800 Exception <a 'java/lang/ClassNotFoundException': org/springframework/boot/autoconfigure/transaction/TransactionAutoConfiguration$TransactionTemplateConfigurationCustomizer> (0x00000000dde369f8) thrown at [C:\re\workspace\8-2-build-windows-amd64-cygwin\jdk
Event: 18.040 Thread 0x000000000503d800 Exception <a 'java/lang/ClassNotFoundException': org/springframework/boot/autoconfigure/transaction/TransactionAutoConfiguration$TransactionTemplateConfiguration$$EnhancerBySpringCGLIB$$18e6977aCustomizer> (0x00000000dde63c48) thrown at [C:\re\workspace\8
Event: 18.041 Thread 0x000000000503d800 Exception <a 'java/lang/ClassNotFoundException': org/springframework/context/annotation/ConfigurationClassEnhancer$EnhancedConfigurationCustomizer> (0x00000000dde88bd8) thrown at [C:\re\workspace\8-2-build-windows-amd64-cygwin\jdk8u172\10810\hotspot\src\s
Event: 18.047 Thread 0x000000000503d800 Exception <a 'java/lang/ClassNotFoundException': org/springframework/transaction/support/TransactionTemplateBeanInfo> (0x00000000ddf0f418) thrown at [C:\re\workspace\8-2-build-windows-amd64-cygwin\jdk8u172\10810\hotspot\src\share\vm\classfile\systemDictio
Event: 18.048 Thread 0x000000000503d800 Exception <a 'java/lang/ClassNotFoundException': org/springframework/transaction/support/DefaultTransactionDefinitionBeanInfo> (0x00000000ddf27db8) thrown at [C:\re\workspace\8-2-build-windows-amd64-cygwin\jdk8u172\10810\hotspot\src\share\vm\classfile\sys
Event: 18.050 Thread 0x000000000503d800 Exception <a 'java/lang/ClassNotFoundException': org/springframework/transaction/support/DefaultTransactionDefinitionCustomizer> (0x00000000ddf40978) thrown at [C:\re\workspace\8-2-build-windows-amd64-cygwin\jdk8u172\10810\hotspot\src\share\vm\classfile\s
Event: 18.051 Thread 0x000000000503d800 Exception <a 'java/lang/ClassNotFoundException': org/springframework/transaction/support/TransactionTemplateCustomizer> (0x00000000ddf6aca0) thrown at [C:\re\workspace\8-2-build-windows-amd64-cygwin\jdk8u172\10810\hotspot\src\share\vm\classfile\systemDict

Events (10 events):
Event: 18.051 loading class org/springframework/transaction/support/TransactionTemplateCustomizer
Event: 18.051 loading class org/springframework/transaction/support/TransactionTemplateCustomizer done
Event: 18.051 loading class org/springframework/transaction/support/TransactionTemplateCustomizer
Event: 18.051 loading class org/springframework/transaction/support/TransactionTemplateCustomizer done
Event: 18.051 loading class org/springframework/transaction/support/TransactionTemplateCustomizer
Event: 18.051 loading class org/springframework/transaction/support/TransactionTemplateCustomizer done
Event: 18.448 loading class org/springframework/transaction/support/TransactionOperationsCustomizer
Event: 18.448 loading class org/springframework/transaction/support/TransactionOperationsCustomizer done
Event: 18.448 Executing VM operation: ParallelGCFailedAllocation
Event: 19.211 Executing VM operation: ParallelGCFailedAllocation done


Dynamic libraries:
0x00007ff7d4800000 - 0x00007ff7d4837000 	C:\Program Files\Java\jdk1.8.0_172\jre\bin\java.exe
0x00007ff8d66d0000 - 0x00007ff8d68b0000 	C:\Windows\SYSTEM32\ntdll.dll
0x00007ff8d6560000 - 0x00007ff8d660e000 	C:\Windows\System32\KERNEL32.DLL
0x00007ff8d2c20000 - 0x00007ff8d2e86000 	C:\Windows\System32\KERNELBASE.dll
0x00007ff8d3fd0000 - 0x00007ff8d4071000 	C:\Windows\System32\ADVAPI32.dll
0x00007ff8d3f30000 - 0x00007ff8d3fcd000 	C:\Windows\System32\msvcrt.dll
0x00007ff8d4400000 - 0x00007ff8d445b000 	C:\Windows\System32\sechost.dll
0x00007ff8d4080000 - 0x00007ff8d419f000 	C:\Windows\System32\RPCRT4.dll
0x00007ff8d4a40000 - 0x00007ff8d4bcf000 	C:\Windows\System32\USER32.dll
0x00007ff8d3940000 - 0x00007ff8d3960000 	C:\Windows\System32\win32u.dll
0x00007ff8d45c0000 - 0x00007ff8d45e8000 	C:\Windows\System32\GDI32.dll
0x00007ff8d3960000 - 0x00007ff8d3af3000 	C:\Windows\System32\gdi32full.dll
0x00007ff8d3b00000 - 0x00007ff8d3b9b000 	C:\Windows\System32\msvcp_win.dll
0x00007ff8d2ad0000 - 0x00007ff8d2bc4000 	C:\Windows\System32\ucrtbase.dll
0x00007ff8c1840000 - 0x00007ff8c1aa9000 	C:\Windows\WinSxS\amd64_microsoft.windows.common-controls_6595b64144ccf1df_6.0.16299.1087_none_0f9074b65a6589b7\COMCTL32.dll
0x00007ff8d3ba0000 - 0x00007ff8d3ea6000 	C:\Windows\System32\combase.dll
0x00007ff8d38c0000 - 0x00007ff8d3932000 	C:\Windows\System32\bcryptPrimitives.dll
0x00007ff8d5000000 - 0x00007ff8d502d000 	C:\Windows\System32\IMM32.DLL
0x000000005e230000 - 0x000000005e302000 	C:\Program Files\Java\jdk1.8.0_172\jre\bin\msvcr100.dll
0x000000005d980000 - 0x000000005e223000 	C:\Program Files\Java\jdk1.8.0_172\jre\bin\server\jvm.dll
0x00007ff8d45b0000 - 0x00007ff8d45b8000 	C:\Windows\System32\PSAPI.DLL
0x00007ff8d0910000 - 0x00007ff8d0933000 	C:\Windows\SYSTEM32\WINMM.dll
0x00007ff8c3520000 - 0x00007ff8c352a000 	C:\Windows\SYSTEM32\VERSION.dll
0x00007ff8c3530000 - 0x00007ff8c3539000 	C:\Windows\SYSTEM32\WSOCK32.dll
0x00007ff8d6630000 - 0x00007ff8d669c000 	C:\Windows\System32\WS2_32.dll
0x00007ff8d0610000 - 0x00007ff8d063a000 	C:\Windows\SYSTEM32\WINMMBASE.dll
0x00007ff8d2bd0000 - 0x00007ff8d2c1a000 	C:\Windows\System32\cfgmgr32.dll
0x000000005ecc0000 - 0x000000005eccf000 	C:\Program Files\Java\jdk1.8.0_172\jre\bin\verify.dll
0x000000005ec90000 - 0x000000005ecb9000 	C:\Program Files\Java\jdk1.8.0_172\jre\bin\java.dll
0x000000005ec40000 - 0x000000005ec56000 	C:\Program Files\Java\jdk1.8.0_172\jre\bin\zip.dll
0x00007ff8d5100000 - 0x00007ff8d6538000 	C:\Windows\System32\SHELL32.dll
0x00007ff8d4de0000 - 0x00007ff8d4e86000 	C:\Windows\System32\shcore.dll
0x00007ff8d2f40000 - 0x00007ff8d3687000 	C:\Windows\System32\windows.storage.dll
0x00007ff8d41a0000 - 0x00007ff8d41f1000 	C:\Windows\System32\shlwapi.dll
0x00007ff8d2a20000 - 0x00007ff8d2a31000 	C:\Windows\System32\kernel.appcore.dll
0x00007ff8d2a60000 - 0x00007ff8d2aac000 	C:\Windows\System32\powrprof.dll
0x00007ff8d2a40000 - 0x00007ff8d2a5b000 	C:\Windows\System32\profapi.dll
0x000000005d950000 - 0x000000005d95d000 	C:\Program Files\Java\jdk1.8.0_172\jre\bin\management.dll
0x000000005d960000 - 0x000000005d97a000 	C:\Program Files\Java\jdk1.8.0_172\jre\bin\net.dll
0x00007ff8d2250000 - 0x00007ff8d22b6000 	C:\Windows\system32\mswsock.dll
0x00007ff8bf3b0000 - 0x00007ff8bf3c6000 	C:\Windows\system32\napinsp.dll
0x00007ff8bf390000 - 0x00007ff8bf3aa000 	C:\Windows\system32\pnrpnsp.dll
0x00007ff8cf220000 - 0x00007ff8cf238000 	C:\Windows\system32\NLAapi.dll
0x00007ff8d2020000 - 0x00007ff8d20d6000 	C:\Windows\SYSTEM32\DNSAPI.dll
0x00007ff8d6620000 - 0x00007ff8d6628000 	C:\Windows\System32\NSI.dll
0x00007ff8d1fe0000 - 0x00007ff8d2019000 	C:\Windows\SYSTEM32\IPHLPAPI.DLL
0x00007ff8c1de0000 - 0x00007ff8c1dee000 	C:\Windows\System32\winrnr.dll
0x00007ff8bf350000 - 0x00007ff8bf365000 	C:\Windows\System32\wshbth.dll
0x00007ff8ca9c0000 - 0x00007ff8ca9ca000 	C:\Windows\System32\rasadhlp.dll
0x00007ff8caa00000 - 0x00007ff8caa70000 	C:\Windows\System32\fwpuclnt.dll
0x00007ff8d2580000 - 0x00007ff8d25a5000 	C:\Windows\SYSTEM32\bcrypt.dll
0x000000005d930000 - 0x000000005d941000 	C:\Program Files\Java\jdk1.8.0_172\jre\bin\nio.dll

VM Arguments:
java_command: D:\luntan-ssm-zhangshun\target\surefire\surefirebooter3439131930945634451.jar D:\luntan-ssm-zhangshun\target\surefire\surefire4436984696808110773tmp D:\luntan-ssm-zhangshun\target\surefire\surefire_02595533046324438624tmp
java_class_path (initial): D:\luntan-ssm-zhangshun\target\surefire\surefirebooter3439131930945634451.jar
Launcher Type: SUN_STANDARD

Environment Variables:
JAVA_HOME=C:\Program Files\Java\jdk1.8.0_172
CLASSPATH=.
PATH=D:\apache-maven-3.6.0\bin;D:\webJieDuan\app\oracle\product\10.2.0\server\bin;D:\Git\cmd;C:\Program Files\Java\jdk1.8.0_172/bin;D:\apache-maven-3.6.0\bin;E:\tools\gradle-5.3.1\bin;
USERNAME=DELL
OS=Windows_NT
PROCESSOR_IDENTIFIER=Intel64 Family 6 Model 142 Stepping 10, GenuineIntel



---------------  S Y S T E M  ---------------

OS: Windows 10.0 , 64 bit Build 16299 (10.0.16299.1087)

CPU:total 8 (initial active 8) (4 cores per cpu, 2 threads per core) family 6 model 142 stepping 10, cmov, cx8, fxsr, mmx, sse, sse2, sse3, ssse3, sse4.1, sse4.2, popcnt, avx, avx2, aes, clmul, erms, 3dnowpref, lzcnt, ht, tsc, tscinvbit, bmi1, bmi2, adx

Memory: 4k page, physical 8286604k(455640k free), swap 22182024k(4100k free)

vm_info: Java HotSpot(TM) 64-Bit Server VM (25.172-b11) for windows-amd64 JRE (1.8.0_172-b11), built on Mar 28 2018 21:21:52 by "java_re" with MS VC++ 10.0 (VS2010)

time: Sun May 26 22:20:12 2019
elapsed time: 19 seconds (0d 0h 0m 19s)

